This file contains any messages produced by compilers while
running configure, to aid debugging if configure makes a mistake.

It was created by auctex configure 11.89, which was
generated by GNU Autoconf 2.69.  Invocation command line was

  $ /Users/johnw/emacs/site-lisp/auctex/configure 

## --------- ##
## Platform. ##
## --------- ##

hostname = Vulcan.local
uname -m = x86_64
uname -r = 15.5.0
uname -s = Darwin
uname -v = Darwin Kernel Version 15.5.0: Tue Apr 19 18:36:36 PDT 2016; root:xnu-3248.50.21~8/RELEASE_X86_64

/usr/bin/uname -p = i386
/bin/uname -X     = unknown

/bin/arch              = unknown
/usr/bin/arch -k       = unknown
/usr/convex/getsysinfo = unknown
/usr/bin/hostinfo      = Mach kernel version:
	 Darwin Kernel Version 15.5.0: Tue Apr 19 18:36:36 PDT 2016; root:xnu-3248.50.21~8/RELEASE_X86_64
Kernel configured for up to 8 processors.
4 processors are physically available.
8 processors are logically available.
Processor type: x86_64h (Intel x86-64h Haswell)
Processors active: 0 1 2 3 4 5 6 7
Primary memory available: 32.00 gigabytes
Default processor set: 339 tasks, 1828 threads, 8 processors
Load average: 18.26, Mach factor: 0.42
/bin/machine           = unknown
/usr/bin/oslevel       = unknown
/bin/universe          = unknown

PATH: /nix/store/v9g9p4sd73q66d099x5paykz4kknsf5p-emacs-HEAD/bin
PATH: /nix/store/vidc23zsbcqhs38rgf8hwmgrhrxgr66d-ProofGeneral-HEAD/bin
PATH: /nix/store/vrjdf1jp1h0a76qzknws7jkyq78m3fyf-clang-wrapper-3.7.1/bin
PATH: /nix/store/x2j0aylqb0rzmgql6iysyn5jrkmzq2f7-cctools-binutils-darwin/bin
PATH: /nix/store/7025jbw49gsy003mg984y8h8zkp190fz-clang-3.7.1/bin
PATH: /nix/store/dw110q8mzvp49s4sz7gqn9bdyp8byls6-coreutils-8.25/bin
PATH: /nix/store/dw110q8mzvp49s4sz7gqn9bdyp8byls6-coreutils-8.25/bin
PATH: /nix/store/878jxzjp4qhg1hkwmp9ja413jcw12pv3-findutils-4.6.0/bin
PATH: /nix/store/k5yn7m5b0ff55k784mw0d8iy1vvga5sy-diffutils-3.3/bin
PATH: /nix/store/9a8rwmghjd6zskcifmcjxcvky6hm39j3-gnused-4.2.2/bin
PATH: /nix/store/iyxy152x0zzw1vc8i6ydx81zz9i5cz5w-gnugrep-2.22/bin
PATH: /nix/store/cknbll5cwhib2xjrj7n8mgxd1v5g7cxy-gawk-4.1.3/bin
PATH: /nix/store/a9ngnhhkx6wlbg1z18d1fk2w77im7xdq-gnutar-1.28/bin
PATH: /nix/store/kg5vcg6wmszylb0lvqqmp1a11s5b8139-gzip-1.6/bin
PATH: /nix/store/5gxysa9if6ldv7c6nvv9fifiymvrl8l2-bzip2-1.0.6/bin
PATH: /nix/store/qczyv8i4009wfcwjkg13f35pxahmjf5g-gnumake-4.1/bin
PATH: /nix/store/0nnmy8a9pznminf95jyxiwlqgz3wk1xf-bash-4.3-p42/bin
PATH: /nix/store/04aaix95s3qj16ng5d5mipmyz0q3jkp3-patch-2.7.5/bin
PATH: /nix/store/8xra52awwy2i7lax5afdqrl8dwv2crn8-xz-5.2.2/bin
PATH: /Users/johnw/.nix-profile/bin
PATH: /Users/johnw/.nix-profile/sbin
PATH: /Users/johnw/bin
PATH: /Users/johnw/.nix-profile/bin
PATH: /Users/johnw/.nix-profile/sbin
PATH: /Users/johnw/bin
PATH: /Applications/Misc/git-annex.app/Contents/MacOS
PATH: /usr/local/texlive/2016/bin/x86_64-darwin
PATH: /Users/johnw/Messages/manage-mail
PATH: /Users/johnw/bin/git-scripts
PATH: /Users/johnw/.cabal/bin
PATH: /usr/local/bin
PATH: /usr/local/sbin
PATH: /usr/local/MacGPG2/bin
PATH: /usr/bin
PATH: /bin
PATH: /usr/sbin
PATH: /sbin
PATH: /usr/X11R6/bin


## ----------- ##
## Core tests. ##
## ----------- ##

configure:1799: checking for make
configure:1815: found /nix/store/qczyv8i4009wfcwjkg13f35pxahmjf5g-gnumake-4.1/bin/make
configure:1826: result: make
configure:1842: checking whether make sets $(MAKE)
configure:1864: result: yes
configure:1916: checking for a BSD-compatible install
configure:1984: result: /nix/store/dw110q8mzvp49s4sz7gqn9bdyp8byls6-coreutils-8.25/bin/install -c
configure:1997: checking for date in ChangeLog
configure:2004: result: 2015-11-13
configure:2006: checking for release in ChangeLog
configure:2015: result: 11.89
configure:2023: checking for date in ChangeLog
configure:2030: result: 2015-11-13
configure:2032: checking for release in ChangeLog
configure:2041: result: 11.89
configure:2092: checking for emacs
configure:2110: found /nix/store/v9g9p4sd73q66d099x5paykz4kknsf5p-emacs-HEAD/bin/emacs
configure:2122: result: /nix/store/v9g9p4sd73q66d099x5paykz4kknsf5p-emacs-HEAD/bin/emacs
configure:2138: checking if /nix/store/v9g9p4sd73q66d099x5paykz4kknsf5p-emacs-HEAD/bin/emacs is XEmacs
/nix/store/v9g9p4sd73q66d099x5paykz4kknsf5p-emacs-HEAD/bin/emacs -batch -no-site-file -eval (let* ((x (if (featurep (quote xemacs)) "yes" "no"))) (write-region (if (stringp x) x (prin1-to-string x)) nil "./conftest-38985"))
=> no
configure:2158: result: no
configure:2162: checking for Emacs prefix
/nix/store/v9g9p4sd73q66d099x5paykz4kknsf5p-emacs-HEAD/bin/emacs -batch -no-site-file -eval (let* ((cmd(pop command-line-args-left))(x (condition-case nil (let*
    ((prefix (directory-file-name (file-name-directory (executable-find cmd))))
     (parent (directory-file-name (file-name-directory prefix))))
    (if (string= (file-name-nondirectory prefix) "bin")
        (setq prefix parent)
      (if (string= (file-name-nondirectory parent) "bin")
         (setq prefix (directory-file-name (file-name-directory parent)))))
    prefix) (error NONE)))) (write-region (if (stringp x) x (prin1-to-string x)) nil "./conftest-38985")) /nix/store/v9g9p4sd73q66d099x5paykz4kknsf5p-emacs-HEAD/bin/emacs
=> /nix/store/v9g9p4sd73q66d099x5paykz4kknsf5p-emacs-HEAD
configure:2181: result: "/nix/store/v9g9p4sd73q66d099x5paykz4kknsf5p-emacs-HEAD"
configure:2211: checking if Emacs is recent enough
/nix/store/v9g9p4sd73q66d099x5paykz4kknsf5p-emacs-HEAD/bin/emacs -batch -no-site-file -eval (let* ((x (cond ((< emacs-major-version 21) "no")
			 ((> emacs-major-version 21) "yes")
			 ((< emacs-minor-version 01) "no")
			 (t "yes")))) (write-region (if (stringp x) x (prin1-to-string x)) nil "./conftest-38985"))
=> yes
configure:2225: result: yes
configure:2235: checking for MULE support
/nix/store/v9g9p4sd73q66d099x5paykz4kknsf5p-emacs-HEAD/bin/emacs -batch -eval (let* ((x (condition-case nil (require 'mule ) 	(error (prog1 nil (message "mule not found")))))) (write-region (if (stringp x) x (prin1-to-string x)) nil "./conftest-38985"))
=> mule
configure:2269: result: yes
configure:2314: checking if build directory is valid
/nix/store/v9g9p4sd73q66d099x5paykz4kknsf5p-emacs-HEAD/bin/emacs -batch -eval (let* ((x (if (or (member (directory-file-name default-directory) load-path)	      (member (file-name-as-directory default-directory) load-path))	 "no" "yes"))) (write-region (if (stringp x) x (prin1-to-string x)) nil "./conftest-38985"))
=> yes
configure:2330: result: yes
configure:2429: checking where lisp files go
/nix/store/v9g9p4sd73q66d099x5paykz4kknsf5p-emacs-HEAD/bin/emacs -batch -eval (let* ((prefix(pop command-line-args-left)) (expanded(pop command-line-args-left)) (x (catch 22
       (let (reldir (dirs load-path))
	  (dolist (name (list "emacs/site-lisp" "emacs/site-packages"
	         "site-lisp" "site-packages") "NONE")
	    (dolist (dir dirs)
	      (when (and dir
	      	         (setq dir (directory-file-name dir))
                         (file-name-absolute-p dir)
	      	         (file-directory-p dir)
	                 (not (string-match "\\`\\.\\."
                           (setq reldir (file-relative-name dir expanded))))
			 (not (file-name-absolute-p reldir))
                         (let ((name name) (dir dir))
		           (while (and dir name
		                       (string= (file-name-nondirectory dir)
		                                (file-name-nondirectory name))
                              (setq dir (file-name-directory dir)
				   name (file-name-directory name))
			      (if (and dir name)
			         (setq dir (directory-file-name dir)
			              name (directory-file-name name)))))
		            (null name))
		   (throw 22
                      (if (string= reldir ".") (directory-file-name prefix)
                        (concat (file-name-as-directory prefix)
                                reldir))))))))))) (write-region (if (stringp x) x (prin1-to-string x)) nil "./conftest-38985")) ${datadir}/emacs /usr/local/share/emacs
=> NONE
/nix/store/v9g9p4sd73q66d099x5paykz4kknsf5p-emacs-HEAD/bin/emacs -batch -eval (let* ((prefix(pop command-line-args-left)) (expanded(pop command-line-args-left)) (x (catch 22
       (let (reldir (dirs load-path))
	  (dolist (name (list "emacs/site-lisp" "emacs/site-packages"
	         "site-lisp" "site-packages") "NONE")
	    (dolist (dir dirs)
	      (when (and dir
	      	         (setq dir (directory-file-name dir))
                         (file-name-absolute-p dir)
	      	         (file-directory-p dir)
	                 (not (string-match "\\`\\.\\."
                           (setq reldir (file-relative-name dir expanded))))
			 (not (file-name-absolute-p reldir))
                         (let ((name name) (dir dir))
		           (while (and dir name
		                       (string= (file-name-nondirectory dir)
		                                (file-name-nondirectory name))
                              (setq dir (file-name-directory dir)
				   name (file-name-directory name))
			      (if (and dir name)
			         (setq dir (directory-file-name dir)
			              name (directory-file-name name)))))
		            (null name))
		   (throw 22
                      (if (string= reldir ".") (directory-file-name prefix)
                        (concat (file-name-as-directory prefix)
                                reldir))))))))))) (write-region (if (stringp x) x (prin1-to-string x)) nil "./conftest-38985")) ${libdir}/emacs /usr/local/lib/emacs
=> NONE
/nix/store/v9g9p4sd73q66d099x5paykz4kknsf5p-emacs-HEAD/bin/emacs -batch -eval (let* ((prefix(pop command-line-args-left)) (expanded(pop command-line-args-left)) (x (catch 22
       (let (reldir (dirs load-path))
	  (dolist (name (list "emacs/site-lisp" "emacs/site-packages"
	         "site-lisp" "site-packages") "NONE")
	    (dolist (dir dirs)
	      (when (and dir
	      	         (setq dir (directory-file-name dir))
                         (file-name-absolute-p dir)
	      	         (file-directory-p dir)
	                 (not (string-match "\\`\\.\\."
                           (setq reldir (file-relative-name dir expanded))))
			 (not (file-name-absolute-p reldir))
                         (let ((name name) (dir dir))
		           (while (and dir name
		                       (string= (file-name-nondirectory dir)
		                                (file-name-nondirectory name))
                              (setq dir (file-name-directory dir)
				   name (file-name-directory name))
			      (if (and dir name)
			         (setq dir (directory-file-name dir)
			              name (directory-file-name name)))))
		            (null name))
		   (throw 22
                      (if (string= reldir ".") (directory-file-name prefix)
                        (concat (file-name-as-directory prefix)
                                reldir))))))))))) (write-region (if (stringp x) x (prin1-to-string x)) nil "./conftest-38985")) /nix/store/v9g9p4sd73q66d099x5paykz4kknsf5p-emacs-HEAD/share/emacs /nix/store/v9g9p4sd73q66d099x5paykz4kknsf5p-emacs-HEAD/share/emacs
=> /nix/store/v9g9p4sd73q66d099x5paykz4kknsf5p-emacs-HEAD/share/emacs/site-lisp
configure:2501: result: /nix/store/v9g9p4sd73q66d099x5paykz4kknsf5p-emacs-HEAD/share/emacs/site-lisp
configure:2505: checking what file to use for auctex startup
configure:2532: result: /nix/store/v9g9p4sd73q66d099x5paykz4kknsf5p-emacs-HEAD/share/emacs/site-lisp/auctex.el
configure:2535: checking what file to use for preview startup
configure:2562: result: /nix/store/v9g9p4sd73q66d099x5paykz4kknsf5p-emacs-HEAD/share/emacs/site-lisp/preview-latex.el
configure:2584: checking where the package lisp files go
/nix/store/v9g9p4sd73q66d099x5paykz4kknsf5p-emacs-HEAD/bin/emacs -batch -no-site-file -eval (let* ((path(pop command-line-args-left)) (lispdir(pop command-line-args-left)) (startup(pop command-line-args-left)) (target(pop command-line-args-left))(x (progn (setq path (directory-file-name path))
  (if (or target
          (not (string= (car load-path) (directory-file-name (car load-path)))))
    (setq path (file-name-as-directory path)))
  (setq path (expand-file-name path lispdir))
  (setq startupdir (file-name-directory (expand-file-name startup lispdir)))
  (prin1-to-string
    (if (or (string-match "\\`\\.\\."
              (setq relname (file-relative-name startupdir lispdir)))
            (file-name-absolute-p relname)
	    (string-match "\\`\\.\\."
              (setq relname (file-relative-name path lispdir)))
 	    (file-name-absolute-p relname))
	  (concat path target)
	(cond (target
	       `(expand-file-name
                   ,(file-relative-name (concat path target) startupdir)
	           (file-name-directory load-file-name)))
              ((string= path startupdir)
	         '(file-name-directory load-file-name))
	      ((string= path (directory-file-name startupdir))
                 '(directory-file-name (file-name-directory load-file-name)))
              (t
	       `(expand-file-name
                   ,(file-relative-name path startupdir)
	           (file-name-directory load-file-name))))))))) (write-region (if (stringp x) x (prin1-to-string x)) nil "./conftest-38985")) /nix/store/v9g9p4sd73q66d099x5paykz4kknsf5p-emacs-HEAD/share/emacs/site-lisp/auctex /nix/store/v9g9p4sd73q66d099x5paykz4kknsf5p-emacs-HEAD/share/emacs/site-lisp /nix/store/v9g9p4sd73q66d099x5paykz4kknsf5p-emacs-HEAD/share/emacs/site-lisp/tex-site.el
=> (expand-file-name "auctex" (file-name-directory load-file-name))
configure:2665: result: /nix/store/v9g9p4sd73q66d099x5paykz4kknsf5p-emacs-HEAD/share/emacs/site-lisp/auctex
configure:2668: checking where the data files go
/nix/store/v9g9p4sd73q66d099x5paykz4kknsf5p-emacs-HEAD/bin/emacs -batch -no-site-file -eval (let* ((path(pop command-line-args-left)) (lispdir(pop command-line-args-left)) (startup(pop command-line-args-left)) (target(pop command-line-args-left))(x (progn (setq path (directory-file-name path))
  (if (or target
          (not (string= (car load-path) (directory-file-name (car load-path)))))
    (setq path (file-name-as-directory path)))
  (setq path (expand-file-name path lispdir))
  (setq startupdir (file-name-directory (expand-file-name startup lispdir)))
  (prin1-to-string
    (if (or (string-match "\\`\\.\\."
              (setq relname (file-relative-name startupdir lispdir)))
            (file-name-absolute-p relname)
	    (string-match "\\`\\.\\."
              (setq relname (file-relative-name path lispdir)))
 	    (file-name-absolute-p relname))
	  (concat path target)
	(cond (target
	       `(expand-file-name
                   ,(file-relative-name (concat path target) startupdir)
	           (file-name-directory load-file-name)))
              ((string= path startupdir)
	         '(file-name-directory load-file-name))
	      ((string= path (directory-file-name startupdir))
                 '(directory-file-name (file-name-directory load-file-name)))
              (t
	       `(expand-file-name
                   ,(file-relative-name path startupdir)
	           (file-name-directory load-file-name))))))))) (write-region (if (stringp x) x (prin1-to-string x)) nil "./conftest-38985")) /nix/store/v9g9p4sd73q66d099x5paykz4kknsf5p-emacs-HEAD/share/emacs/site-lisp/auctex /nix/store/v9g9p4sd73q66d099x5paykz4kknsf5p-emacs-HEAD/share/emacs/site-lisp /nix/store/v9g9p4sd73q66d099x5paykz4kknsf5p-emacs-HEAD/share/emacs/site-lisp/tex-site.el
=> (expand-file-name "auctex" (file-name-directory load-file-name))
configure:2749: result: /nix/store/v9g9p4sd73q66d099x5paykz4kknsf5p-emacs-HEAD/share/emacs/site-lisp/auctex
/nix/store/v9g9p4sd73q66d099x5paykz4kknsf5p-emacs-HEAD/bin/emacs -batch -no-site-file -eval (let* ((path(pop command-line-args-left)) (lispdir(pop command-line-args-left)) (startup(pop command-line-args-left)) (target(pop command-line-args-left))(x (progn (setq path (directory-file-name path))
  (if (or target
          (not (string= (car load-path) (directory-file-name (car load-path)))))
    (setq path (file-name-as-directory path)))
  (setq path (expand-file-name path lispdir))
  (setq startupdir (file-name-directory (expand-file-name startup lispdir)))
  (prin1-to-string
    (if (or (string-match "\\`\\.\\."
              (setq relname (file-relative-name startupdir lispdir)))
            (file-name-absolute-p relname)
	    (string-match "\\`\\.\\."
              (setq relname (file-relative-name path lispdir)))
 	    (file-name-absolute-p relname))
	  (concat path target)
	(cond (target
	       `(expand-file-name
                   ,(file-relative-name (concat path target) startupdir)
	           (file-name-directory load-file-name)))
              ((string= path startupdir)
	         '(file-name-directory load-file-name))
	      ((string= path (directory-file-name startupdir))
                 '(directory-file-name (file-name-directory load-file-name)))
              (t
	       `(expand-file-name
                   ,(file-relative-name path startupdir)
	           (file-name-directory load-file-name))))))))) (write-region (if (stringp x) x (prin1-to-string x)) nil "./conftest-38985"))  /nix/store/v9g9p4sd73q66d099x5paykz4kknsf5p-emacs-HEAD/share/emacs/site-lisp /nix/store/v9g9p4sd73q66d099x5paykz4kknsf5p-emacs-HEAD/share/emacs/site-lisp/auctex.el tex-site.el
=> (expand-file-name "tex-site.el" (file-name-directory load-file-name))
configure:2826: checking where the info files go
configure:2828: result: ${datarootdir}/info
configure:2839: checking where automatically generated global style hooks go
configure:2849: result: ${localstatedir}/auctex
/nix/store/v9g9p4sd73q66d099x5paykz4kknsf5p-emacs-HEAD/bin/emacs -batch -no-site-file -eval (let* ((path(pop command-line-args-left)) (lispdir(pop command-line-args-left)) (startup(pop command-line-args-left)) (target(pop command-line-args-left))(x (progn (setq path (directory-file-name path))
  (if (or target
          (not (string= (car load-path) (directory-file-name (car load-path)))))
    (setq path (file-name-as-directory path)))
  (setq path (expand-file-name path lispdir))
  (setq startupdir (file-name-directory (expand-file-name startup lispdir)))
  (prin1-to-string
    (if (or (string-match "\\`\\.\\."
              (setq relname (file-relative-name startupdir lispdir)))
            (file-name-absolute-p relname)
	    (string-match "\\`\\.\\."
              (setq relname (file-relative-name path lispdir)))
 	    (file-name-absolute-p relname))
	  (concat path target)
	(cond (target
	       `(expand-file-name
                   ,(file-relative-name (concat path target) startupdir)
	           (file-name-directory load-file-name)))
              ((string= path startupdir)
	         '(file-name-directory load-file-name))
	      ((string= path (directory-file-name startupdir))
                 '(directory-file-name (file-name-directory load-file-name)))
              (t
	       `(expand-file-name
                   ,(file-relative-name path startupdir)
	           (file-name-directory load-file-name))))))))) (write-region (if (stringp x) x (prin1-to-string x)) nil "./conftest-38985")) /usr/local/var/auctex /nix/store/v9g9p4sd73q66d099x5paykz4kknsf5p-emacs-HEAD/share/emacs/site-lisp /nix/store/v9g9p4sd73q66d099x5paykz4kknsf5p-emacs-HEAD/share/emacs/site-lisp/tex-site.el
=> "/usr/local/var/auctex"
configure:2929: checking for tex
configure:2947: found /usr/local/texlive/2016/bin/x86_64-darwin/tex
configure:2960: result: /usr/local/texlive/2016/bin/x86_64-darwin/tex
configure:2970: checking for pdftex
configure:2988: found /usr/local/texlive/2016/bin/x86_64-darwin/pdftex
configure:3001: result: /usr/local/texlive/2016/bin/x86_64-darwin/pdftex
configure:3011: checking for dvips
configure:3029: found /usr/local/texlive/2016/bin/x86_64-darwin/dvips
configure:3042: result: /usr/local/texlive/2016/bin/x86_64-darwin/dvips
configure:3059: checking for gs
configure:3075: found /usr/local/bin/gs
configure:3086: result: gs
/nix/store/v9g9p4sd73q66d099x5paykz4kknsf5p-emacs-HEAD/bin/emacs -batch -no-site-file -eval (let* ((dir(pop command-line-args-left))(x (if (member dir (list "NONE" (if (eq system-type 'windows-nt) "GSWIN32C.EXE" "gs"))) "" `(defvar preview-gs-command ,dir)))) (write-region (if (stringp x) x (prin1-to-string x)) nil "./conftest-38985")) gs
=> 
configure:3114: checking for latex
configure:3132: found /usr/local/texlive/2016/bin/x86_64-darwin/latex
configure:3145: result: /usr/local/texlive/2016/bin/x86_64-darwin/latex
configure:3161: checking for pdflatex
configure:3179: found /usr/local/texlive/2016/bin/x86_64-darwin/pdflatex
configure:3191: result: /usr/local/texlive/2016/bin/x86_64-darwin/pdflatex
configure:3210: checking for tex
configure:3241: result: /usr/local/texlive/2016/bin/x86_64-darwin/tex
configure:3345: checking for prefix from kpsepath
/nix/store/v9g9p4sd73q66d099x5paykz4kknsf5p-emacs-HEAD/bin/emacs -batch -no-site-file -eval (let* ((cmd(pop command-line-args-left))(x (condition-case nil (let*
    ((prefix (directory-file-name (file-name-directory (executable-find cmd))))
     (parent (directory-file-name (file-name-directory prefix))))
    (if (string= (file-name-nondirectory prefix) "bin")
        (setq prefix parent)
      (if (string= (file-name-nondirectory parent) "bin")
         (setq prefix (directory-file-name (file-name-directory parent)))))
    prefix) (error NONE)))) (write-region (if (stringp x) x (prin1-to-string x)) nil "./conftest-38985")) kpsepath
=> /usr/local/texlive/2016
configure:3369: result: "/usr/local/texlive/2016"
configure:3372: checking for TDS-compliant directory
/nix/store/v9g9p4sd73q66d099x5paykz4kknsf5p-emacs-HEAD/bin/emacs -batch -no-site-file -eval (let* ((prefix(pop command-line-args-left)) (expanded(pop command-line-args-left)) (pathoutput(pop command-line-args-left))(x (catch 22
       (let (reldir (dirs (mapcar (lambda(x)
              (and (string-match "\\`!*\\(.*\\)/tex/latex//+\\'" x)
	           (match-string 1 x)))
      (append (split-string pathoutput ";")
             (split-string pathoutput ":")))))
	  (dolist (name (list nil) "NONE")
	    (dolist (dir dirs)
	      (when (and dir
	      	         (setq dir (directory-file-name dir))
                         (file-name-absolute-p dir)
	      	         (file-directory-p dir)
	                 (not (string-match "\\`\\.\\."
                           (setq reldir (file-relative-name dir expanded))))
			 (not (file-name-absolute-p reldir))
                         (let ((name name) (dir dir))
		           (while (and dir name
		                       (string= (file-name-nondirectory dir)
		                                (file-name-nondirectory name))
                              (setq dir (file-name-directory dir)
				   name (file-name-directory name))
			      (if (and dir name)
			         (setq dir (directory-file-name dir)
			              name (directory-file-name name)))))
		            (null name))
		   (throw 22
                      (if (string= reldir ".") (directory-file-name prefix)
                        (concat (file-name-as-directory prefix)
                                reldir))))))))))) (write-region (if (stringp x) x (prin1-to-string x)) nil "./conftest-38985")) ${datadir}/texmf /usr/local/share/texmf .:/Users/johnw/Library/texlive/2016/texmf-config/tex/latex//:/Users/johnw/Library/texlive/2016/texmf-var/tex/latex//:/Users/johnw/Library/texmf/tex/latex//:!!/usr/local/texlive/2016/texmf-config/tex/latex//:!!/usr/local/texlive/2016/texmf-var/tex/latex//:!!/usr/local/texlive/texmf-local/tex/latex//:!!/usr/local/texlive/2016/texmf-dist/tex/latex//:/Users/johnw/Library/texlive/2016/texmf-config/tex/generic//:/Users/johnw/Library/texlive/2016/texmf-var/tex/generic//:/Users/johnw/Library/texmf/tex/generic//:!!/usr/local/texlive/2016/texmf-config/tex/generic//:!!/usr/local/texlive/2016/texmf-var/tex/generic//:!!/usr/local/texlive/texmf-local/tex/generic//:!!/usr/local/texlive/2016/texmf-dist/tex/generic//:/Users/johnw/Library/texlive/2016/texmf-config/tex///:/Users/johnw/Library/texlive/2016/texmf-var/tex///:/Users/johnw/Library/texmf/tex///:!!/usr/local/texlive/2016/texmf-config/tex///:!!/usr/local/texlive/2016/texmf-var/tex///:!!/usr/local/texlive/texmf-local/tex///:!!/usr/local/texlive/2016/texmf-dist/tex///
=> NONE
/nix/store/v9g9p4sd73q66d099x5paykz4kknsf5p-emacs-HEAD/bin/emacs -batch -no-site-file -eval (let* ((prefix(pop command-line-args-left)) (expanded(pop command-line-args-left)) (pathoutput(pop command-line-args-left))(x (catch 22
       (let (reldir (dirs (mapcar (lambda(x)
              (and (string-match "\\`!*\\(.*\\)/tex/latex//+\\'" x)
	           (match-string 1 x)))
      (append (split-string pathoutput ";")
             (split-string pathoutput ":")))))
	  (dolist (name (list nil) "NONE")
	    (dolist (dir dirs)
	      (when (and dir
	      	         (setq dir (directory-file-name dir))
                         (file-name-absolute-p dir)
	      	         (file-directory-p dir)
	                 (not (string-match "\\`\\.\\."
                           (setq reldir (file-relative-name dir expanded))))
			 (not (file-name-absolute-p reldir))
                         (let ((name name) (dir dir))
		           (while (and dir name
		                       (string= (file-name-nondirectory dir)
		                                (file-name-nondirectory name))
                              (setq dir (file-name-directory dir)
				   name (file-name-directory name))
			      (if (and dir name)
			         (setq dir (directory-file-name dir)
			              name (directory-file-name name)))))
		            (null name))
		   (throw 22
                      (if (string= reldir ".") (directory-file-name prefix)
                        (concat (file-name-as-directory prefix)
                                reldir))))))))))) (write-region (if (stringp x) x (prin1-to-string x)) nil "./conftest-38985")) /usr/local/texlive/2016/share/texmf-local /usr/local/texlive/2016/share/texmf-local .:/Users/johnw/Library/texlive/2016/texmf-config/tex/latex//:/Users/johnw/Library/texlive/2016/texmf-var/tex/latex//:/Users/johnw/Library/texmf/tex/latex//:!!/usr/local/texlive/2016/texmf-config/tex/latex//:!!/usr/local/texlive/2016/texmf-var/tex/latex//:!!/usr/local/texlive/texmf-local/tex/latex//:!!/usr/local/texlive/2016/texmf-dist/tex/latex//:/Users/johnw/Library/texlive/2016/texmf-config/tex/generic//:/Users/johnw/Library/texlive/2016/texmf-var/tex/generic//:/Users/johnw/Library/texmf/tex/generic//:!!/usr/local/texlive/2016/texmf-config/tex/generic//:!!/usr/local/texlive/2016/texmf-var/tex/generic//:!!/usr/local/texlive/texmf-local/tex/generic//:!!/usr/local/texlive/2016/texmf-dist/tex/generic//:/Users/johnw/Library/texlive/2016/texmf-config/tex///:/Users/johnw/Library/texlive/2016/texmf-var/tex///:/Users/johnw/Library/texmf/tex///:!!/usr/local/texlive/2016/texmf-config/tex///:!!/usr/local/texlive/2016/texmf-var/tex///:!!/usr/local/texlive/texmf-local/tex///:!!/usr/local/texlive/2016/texmf-dist/tex///
=> NONE
/nix/store/v9g9p4sd73q66d099x5paykz4kknsf5p-emacs-HEAD/bin/emacs -batch -no-site-file -eval (let* ((prefix(pop command-line-args-left)) (expanded(pop command-line-args-left)) (pathoutput(pop command-line-args-left))(x (catch 22
       (let (reldir (dirs (mapcar (lambda(x)
              (and (string-match "\\`!*\\(.*\\)/tex/latex//+\\'" x)
	           (match-string 1 x)))
      (append (split-string pathoutput ";")
             (split-string pathoutput ":")))))
	  (dolist (name (list nil) "NONE")
	    (dolist (dir dirs)
	      (when (and dir
	      	         (setq dir (directory-file-name dir))
                         (file-name-absolute-p dir)
	      	         (file-directory-p dir)
	                 (not (string-match "\\`\\.\\."
                           (setq reldir (file-relative-name dir expanded))))
			 (not (file-name-absolute-p reldir))
                         (let ((name name) (dir dir))
		           (while (and dir name
		                       (string= (file-name-nondirectory dir)
		                                (file-name-nondirectory name))
                              (setq dir (file-name-directory dir)
				   name (file-name-directory name))
			      (if (and dir name)
			         (setq dir (directory-file-name dir)
			              name (directory-file-name name)))))
		            (null name))
		   (throw 22
                      (if (string= reldir ".") (directory-file-name prefix)
                        (concat (file-name-as-directory prefix)
                                reldir))))))))))) (write-region (if (stringp x) x (prin1-to-string x)) nil "./conftest-38985")) /usr/local/texlive/2016/share/texmf /usr/local/texlive/2016/share/texmf .:/Users/johnw/Library/texlive/2016/texmf-config/tex/latex//:/Users/johnw/Library/texlive/2016/texmf-var/tex/latex//:/Users/johnw/Library/texmf/tex/latex//:!!/usr/local/texlive/2016/texmf-config/tex/latex//:!!/usr/local/texlive/2016/texmf-var/tex/latex//:!!/usr/local/texlive/texmf-local/tex/latex//:!!/usr/local/texlive/2016/texmf-dist/tex/latex//:/Users/johnw/Library/texlive/2016/texmf-config/tex/generic//:/Users/johnw/Library/texlive/2016/texmf-var/tex/generic//:/Users/johnw/Library/texmf/tex/generic//:!!/usr/local/texlive/2016/texmf-config/tex/generic//:!!/usr/local/texlive/2016/texmf-var/tex/generic//:!!/usr/local/texlive/texmf-local/tex/generic//:!!/usr/local/texlive/2016/texmf-dist/tex/generic//:/Users/johnw/Library/texlive/2016/texmf-config/tex///:/Users/johnw/Library/texlive/2016/texmf-var/tex///:/Users/johnw/Library/texmf/tex///:!!/usr/local/texlive/2016/texmf-config/tex///:!!/usr/local/texlive/2016/texmf-var/tex///:!!/usr/local/texlive/texmf-local/tex///:!!/usr/local/texlive/2016/texmf-dist/tex///
=> NONE
/nix/store/v9g9p4sd73q66d099x5paykz4kknsf5p-emacs-HEAD/bin/emacs -batch -no-site-file -eval (let* ((prefix(pop command-line-args-left)) (expanded(pop command-line-args-left)) (pathoutput(pop command-line-args-left))(x (catch 22
       (let (reldir (dirs (mapcar (lambda(x)
              (and (string-match "\\`!*\\(.*\\)/tex/latex//+\\'" x)
	           (match-string 1 x)))
      (append (split-string pathoutput ";")
             (split-string pathoutput ":")))))
	  (dolist (name (list nil) "NONE")
	    (dolist (dir dirs)
	      (when (and dir
	      	         (setq dir (directory-file-name dir))
                         (file-name-absolute-p dir)
	      	         (file-directory-p dir)
	                 (not (string-match "\\`\\.\\."
                           (setq reldir (file-relative-name dir expanded))))
			 (not (file-name-absolute-p reldir))
                         (let ((name name) (dir dir))
		           (while (and dir name
		                       (string= (file-name-nondirectory dir)
		                                (file-name-nondirectory name))
                              (setq dir (file-name-directory dir)
				   name (file-name-directory name))
			      (if (and dir name)
			         (setq dir (directory-file-name dir)
			              name (directory-file-name name)))))
		            (null name))
		   (throw 22
                      (if (string= reldir ".") (directory-file-name prefix)
                        (concat (file-name-as-directory prefix)
                                reldir))))))))))) (write-region (if (stringp x) x (prin1-to-string x)) nil "./conftest-38985")) /usr/local/texlive/2016/texmf-local /usr/local/texlive/2016/texmf-local .:/Users/johnw/Library/texlive/2016/texmf-config/tex/latex//:/Users/johnw/Library/texlive/2016/texmf-var/tex/latex//:/Users/johnw/Library/texmf/tex/latex//:!!/usr/local/texlive/2016/texmf-config/tex/latex//:!!/usr/local/texlive/2016/texmf-var/tex/latex//:!!/usr/local/texlive/texmf-local/tex/latex//:!!/usr/local/texlive/2016/texmf-dist/tex/latex//:/Users/johnw/Library/texlive/2016/texmf-config/tex/generic//:/Users/johnw/Library/texlive/2016/texmf-var/tex/generic//:/Users/johnw/Library/texmf/tex/generic//:!!/usr/local/texlive/2016/texmf-config/tex/generic//:!!/usr/local/texlive/2016/texmf-var/tex/generic//:!!/usr/local/texlive/texmf-local/tex/generic//:!!/usr/local/texlive/2016/texmf-dist/tex/generic//:/Users/johnw/Library/texlive/2016/texmf-config/tex///:/Users/johnw/Library/texlive/2016/texmf-var/tex///:/Users/johnw/Library/texmf/tex///:!!/usr/local/texlive/2016/texmf-config/tex///:!!/usr/local/texlive/2016/texmf-var/tex///:!!/usr/local/texlive/texmf-local/tex///:!!/usr/local/texlive/2016/texmf-dist/tex///
=> NONE
/nix/store/v9g9p4sd73q66d099x5paykz4kknsf5p-emacs-HEAD/bin/emacs -batch -no-site-file -eval (let* ((prefix(pop command-line-args-left)) (expanded(pop command-line-args-left)) (pathoutput(pop command-line-args-left))(x (catch 22
       (let (reldir (dirs (mapcar (lambda(x)
              (and (string-match "\\`!*\\(.*\\)/tex/latex//+\\'" x)
	           (match-string 1 x)))
      (append (split-string pathoutput ";")
             (split-string pathoutput ":")))))
	  (dolist (name (list nil) "NONE")
	    (dolist (dir dirs)
	      (when (and dir
	      	         (setq dir (directory-file-name dir))
                         (file-name-absolute-p dir)
	      	         (file-directory-p dir)
	                 (not (string-match "\\`\\.\\."
                           (setq reldir (file-relative-name dir expanded))))
			 (not (file-name-absolute-p reldir))
                         (let ((name name) (dir dir))
		           (while (and dir name
		                       (string= (file-name-nondirectory dir)
		                                (file-name-nondirectory name))
                              (setq dir (file-name-directory dir)
				   name (file-name-directory name))
			      (if (and dir name)
			         (setq dir (directory-file-name dir)
			              name (directory-file-name name)))))
		            (null name))
		   (throw 22
                      (if (string= reldir ".") (directory-file-name prefix)
                        (concat (file-name-as-directory prefix)
                                reldir))))))))))) (write-region (if (stringp x) x (prin1-to-string x)) nil "./conftest-38985")) /usr/local/texlive/2016/texmf /usr/local/texlive/2016/texmf .:/Users/johnw/Library/texlive/2016/texmf-config/tex/latex//:/Users/johnw/Library/texlive/2016/texmf-var/tex/latex//:/Users/johnw/Library/texmf/tex/latex//:!!/usr/local/texlive/2016/texmf-config/tex/latex//:!!/usr/local/texlive/2016/texmf-var/tex/latex//:!!/usr/local/texlive/texmf-local/tex/latex//:!!/usr/local/texlive/2016/texmf-dist/tex/latex//:/Users/johnw/Library/texlive/2016/texmf-config/tex/generic//:/Users/johnw/Library/texlive/2016/texmf-var/tex/generic//:/Users/johnw/Library/texmf/tex/generic//:!!/usr/local/texlive/2016/texmf-config/tex/generic//:!!/usr/local/texlive/2016/texmf-var/tex/generic//:!!/usr/local/texlive/texmf-local/tex/generic//:!!/usr/local/texlive/2016/texmf-dist/tex/generic//:/Users/johnw/Library/texlive/2016/texmf-config/tex///:/Users/johnw/Library/texlive/2016/texmf-var/tex///:/Users/johnw/Library/texmf/tex///:!!/usr/local/texlive/2016/texmf-config/tex///:!!/usr/local/texlive/2016/texmf-var/tex///:!!/usr/local/texlive/texmf-local/tex///:!!/usr/local/texlive/2016/texmf-dist/tex///
=> NONE
configure:3437: result: no
configure:3439: checking for TeX directory hierarchy
/nix/store/v9g9p4sd73q66d099x5paykz4kknsf5p-emacs-HEAD/bin/emacs -batch -no-site-file -eval (let* ((prefix(pop command-line-args-left)) (expanded(pop command-line-args-left)) (pathoutput(pop command-line-args-left))(x (catch 22
       (let (reldir (dirs (mapcar (lambda(x)
              (and (string-match "\\`!*\\(.*[^/]\\)//+\\'" x)
	           (match-string 1 x)))
      (append (split-string pathoutput ";")
             (split-string pathoutput ":")))))
	  (dolist (name (list nil) "NONE")
	    (dolist (dir dirs)
	      (when (and dir
	      	         (setq dir (directory-file-name dir))
                         (file-name-absolute-p dir)
	      	         (file-directory-p dir)
	                 (not (string-match "\\`\\.\\."
                           (setq reldir (file-relative-name dir expanded))))
			 (not (file-name-absolute-p reldir))
                         (let ((name name) (dir dir))
		           (while (and dir name
		                       (string= (file-name-nondirectory dir)
		                                (file-name-nondirectory name))
                              (setq dir (file-name-directory dir)
				   name (file-name-directory name))
			      (if (and dir name)
			         (setq dir (directory-file-name dir)
			              name (directory-file-name name)))))
		            (null name))
		   (throw 22
                      (if (string= reldir ".") (directory-file-name prefix)
                        (concat (file-name-as-directory prefix)
                                reldir))))))))))) (write-region (if (stringp x) x (prin1-to-string x)) nil "./conftest-38985")) ${datadir}/texmf /usr/local/share/texmf .:/Users/johnw/Library/texlive/2016/texmf-config/tex/latex//:/Users/johnw/Library/texlive/2016/texmf-var/tex/latex//:/Users/johnw/Library/texmf/tex/latex//:!!/usr/local/texlive/2016/texmf-config/tex/latex//:!!/usr/local/texlive/2016/texmf-var/tex/latex//:!!/usr/local/texlive/texmf-local/tex/latex//:!!/usr/local/texlive/2016/texmf-dist/tex/latex//:/Users/johnw/Library/texlive/2016/texmf-config/tex/generic//:/Users/johnw/Library/texlive/2016/texmf-var/tex/generic//:/Users/johnw/Library/texmf/tex/generic//:!!/usr/local/texlive/2016/texmf-config/tex/generic//:!!/usr/local/texlive/2016/texmf-var/tex/generic//:!!/usr/local/texlive/texmf-local/tex/generic//:!!/usr/local/texlive/2016/texmf-dist/tex/generic//:/Users/johnw/Library/texlive/2016/texmf-config/tex///:/Users/johnw/Library/texlive/2016/texmf-var/tex///:/Users/johnw/Library/texmf/tex///:!!/usr/local/texlive/2016/texmf-config/tex///:!!/usr/local/texlive/2016/texmf-var/tex///:!!/usr/local/texlive/texmf-local/tex///:!!/usr/local/texlive/2016/texmf-dist/tex///
=> NONE
/nix/store/v9g9p4sd73q66d099x5paykz4kknsf5p-emacs-HEAD/bin/emacs -batch -no-site-file -eval (let* ((prefix(pop command-line-args-left)) (expanded(pop command-line-args-left)) (pathoutput(pop command-line-args-left))(x (catch 22
       (let (reldir (dirs (mapcar (lambda(x)
              (and (string-match "\\`!*\\(.*[^/]\\)//+\\'" x)
	           (match-string 1 x)))
      (append (split-string pathoutput ";")
             (split-string pathoutput ":")))))
	  (dolist (name (list nil) "NONE")
	    (dolist (dir dirs)
	      (when (and dir
	      	         (setq dir (directory-file-name dir))
                         (file-name-absolute-p dir)
	      	         (file-directory-p dir)
	                 (not (string-match "\\`\\.\\."
                           (setq reldir (file-relative-name dir expanded))))
			 (not (file-name-absolute-p reldir))
                         (let ((name name) (dir dir))
		           (while (and dir name
		                       (string= (file-name-nondirectory dir)
		                                (file-name-nondirectory name))
                              (setq dir (file-name-directory dir)
				   name (file-name-directory name))
			      (if (and dir name)
			         (setq dir (directory-file-name dir)
			              name (directory-file-name name)))))
		            (null name))
		   (throw 22
                      (if (string= reldir ".") (directory-file-name prefix)
                        (concat (file-name-as-directory prefix)
                                reldir))))))))))) (write-region (if (stringp x) x (prin1-to-string x)) nil "./conftest-38985")) /usr/local/texlive/2016/share/texmf-local /usr/local/texlive/2016/share/texmf-local .:/Users/johnw/Library/texlive/2016/texmf-config/tex/latex//:/Users/johnw/Library/texlive/2016/texmf-var/tex/latex//:/Users/johnw/Library/texmf/tex/latex//:!!/usr/local/texlive/2016/texmf-config/tex/latex//:!!/usr/local/texlive/2016/texmf-var/tex/latex//:!!/usr/local/texlive/texmf-local/tex/latex//:!!/usr/local/texlive/2016/texmf-dist/tex/latex//:/Users/johnw/Library/texlive/2016/texmf-config/tex/generic//:/Users/johnw/Library/texlive/2016/texmf-var/tex/generic//:/Users/johnw/Library/texmf/tex/generic//:!!/usr/local/texlive/2016/texmf-config/tex/generic//:!!/usr/local/texlive/2016/texmf-var/tex/generic//:!!/usr/local/texlive/texmf-local/tex/generic//:!!/usr/local/texlive/2016/texmf-dist/tex/generic//:/Users/johnw/Library/texlive/2016/texmf-config/tex///:/Users/johnw/Library/texlive/2016/texmf-var/tex///:/Users/johnw/Library/texmf/tex///:!!/usr/local/texlive/2016/texmf-config/tex///:!!/usr/local/texlive/2016/texmf-var/tex///:!!/usr/local/texlive/texmf-local/tex///:!!/usr/local/texlive/2016/texmf-dist/tex///
=> NONE
/nix/store/v9g9p4sd73q66d099x5paykz4kknsf5p-emacs-HEAD/bin/emacs -batch -no-site-file -eval (let* ((prefix(pop command-line-args-left)) (expanded(pop command-line-args-left)) (pathoutput(pop command-line-args-left))(x (catch 22
       (let (reldir (dirs (mapcar (lambda(x)
              (and (string-match "\\`!*\\(.*[^/]\\)//+\\'" x)
	           (match-string 1 x)))
      (append (split-string pathoutput ";")
             (split-string pathoutput ":")))))
	  (dolist (name (list nil) "NONE")
	    (dolist (dir dirs)
	      (when (and dir
	      	         (setq dir (directory-file-name dir))
                         (file-name-absolute-p dir)
	      	         (file-directory-p dir)
	                 (not (string-match "\\`\\.\\."
                           (setq reldir (file-relative-name dir expanded))))
			 (not (file-name-absolute-p reldir))
                         (let ((name name) (dir dir))
		           (while (and dir name
		                       (string= (file-name-nondirectory dir)
		                                (file-name-nondirectory name))
                              (setq dir (file-name-directory dir)
				   name (file-name-directory name))
			      (if (and dir name)
			         (setq dir (directory-file-name dir)
			              name (directory-file-name name)))))
		            (null name))
		   (throw 22
                      (if (string= reldir ".") (directory-file-name prefix)
                        (concat (file-name-as-directory prefix)
                                reldir))))))))))) (write-region (if (stringp x) x (prin1-to-string x)) nil "./conftest-38985")) /usr/local/texlive/2016/share/texmf /usr/local/texlive/2016/share/texmf .:/Users/johnw/Library/texlive/2016/texmf-config/tex/latex//:/Users/johnw/Library/texlive/2016/texmf-var/tex/latex//:/Users/johnw/Library/texmf/tex/latex//:!!/usr/local/texlive/2016/texmf-config/tex/latex//:!!/usr/local/texlive/2016/texmf-var/tex/latex//:!!/usr/local/texlive/texmf-local/tex/latex//:!!/usr/local/texlive/2016/texmf-dist/tex/latex//:/Users/johnw/Library/texlive/2016/texmf-config/tex/generic//:/Users/johnw/Library/texlive/2016/texmf-var/tex/generic//:/Users/johnw/Library/texmf/tex/generic//:!!/usr/local/texlive/2016/texmf-config/tex/generic//:!!/usr/local/texlive/2016/texmf-var/tex/generic//:!!/usr/local/texlive/texmf-local/tex/generic//:!!/usr/local/texlive/2016/texmf-dist/tex/generic//:/Users/johnw/Library/texlive/2016/texmf-config/tex///:/Users/johnw/Library/texlive/2016/texmf-var/tex///:/Users/johnw/Library/texmf/tex///:!!/usr/local/texlive/2016/texmf-config/tex///:!!/usr/local/texlive/2016/texmf-var/tex///:!!/usr/local/texlive/texmf-local/tex///:!!/usr/local/texlive/2016/texmf-dist/tex///
=> NONE
/nix/store/v9g9p4sd73q66d099x5paykz4kknsf5p-emacs-HEAD/bin/emacs -batch -no-site-file -eval (let* ((prefix(pop command-line-args-left)) (expanded(pop command-line-args-left)) (pathoutput(pop command-line-args-left))(x (catch 22
       (let (reldir (dirs (mapcar (lambda(x)
              (and (string-match "\\`!*\\(.*[^/]\\)//+\\'" x)
	           (match-string 1 x)))
      (append (split-string pathoutput ";")
             (split-string pathoutput ":")))))
	  (dolist (name (list nil) "NONE")
	    (dolist (dir dirs)
	      (when (and dir
	      	         (setq dir (directory-file-name dir))
                         (file-name-absolute-p dir)
	      	         (file-directory-p dir)
	                 (not (string-match "\\`\\.\\."
                           (setq reldir (file-relative-name dir expanded))))
			 (not (file-name-absolute-p reldir))
                         (let ((name name) (dir dir))
		           (while (and dir name
		                       (string= (file-name-nondirectory dir)
		                                (file-name-nondirectory name))
                              (setq dir (file-name-directory dir)
				   name (file-name-directory name))
			      (if (and dir name)
			         (setq dir (directory-file-name dir)
			              name (directory-file-name name)))))
		            (null name))
		   (throw 22
                      (if (string= reldir ".") (directory-file-name prefix)
                        (concat (file-name-as-directory prefix)
                                reldir))))))))))) (write-region (if (stringp x) x (prin1-to-string x)) nil "./conftest-38985")) /usr/local/texlive/2016/texmf-local /usr/local/texlive/2016/texmf-local .:/Users/johnw/Library/texlive/2016/texmf-config/tex/latex//:/Users/johnw/Library/texlive/2016/texmf-var/tex/latex//:/Users/johnw/Library/texmf/tex/latex//:!!/usr/local/texlive/2016/texmf-config/tex/latex//:!!/usr/local/texlive/2016/texmf-var/tex/latex//:!!/usr/local/texlive/texmf-local/tex/latex//:!!/usr/local/texlive/2016/texmf-dist/tex/latex//:/Users/johnw/Library/texlive/2016/texmf-config/tex/generic//:/Users/johnw/Library/texlive/2016/texmf-var/tex/generic//:/Users/johnw/Library/texmf/tex/generic//:!!/usr/local/texlive/2016/texmf-config/tex/generic//:!!/usr/local/texlive/2016/texmf-var/tex/generic//:!!/usr/local/texlive/texmf-local/tex/generic//:!!/usr/local/texlive/2016/texmf-dist/tex/generic//:/Users/johnw/Library/texlive/2016/texmf-config/tex///:/Users/johnw/Library/texlive/2016/texmf-var/tex///:/Users/johnw/Library/texmf/tex///:!!/usr/local/texlive/2016/texmf-config/tex///:!!/usr/local/texlive/2016/texmf-var/tex///:!!/usr/local/texlive/texmf-local/tex///:!!/usr/local/texlive/2016/texmf-dist/tex///
=> NONE
/nix/store/v9g9p4sd73q66d099x5paykz4kknsf5p-emacs-HEAD/bin/emacs -batch -no-site-file -eval (let* ((prefix(pop command-line-args-left)) (expanded(pop command-line-args-left)) (pathoutput(pop command-line-args-left))(x (catch 22
       (let (reldir (dirs (mapcar (lambda(x)
              (and (string-match "\\`!*\\(.*[^/]\\)//+\\'" x)
	           (match-string 1 x)))
      (append (split-string pathoutput ";")
             (split-string pathoutput ":")))))
	  (dolist (name (list nil) "NONE")
	    (dolist (dir dirs)
	      (when (and dir
	      	         (setq dir (directory-file-name dir))
                         (file-name-absolute-p dir)
	      	         (file-directory-p dir)
	                 (not (string-match "\\`\\.\\."
                           (setq reldir (file-relative-name dir expanded))))
			 (not (file-name-absolute-p reldir))
                         (let ((name name) (dir dir))
		           (while (and dir name
		                       (string= (file-name-nondirectory dir)
		                                (file-name-nondirectory name))
                              (setq dir (file-name-directory dir)
				   name (file-name-directory name))
			      (if (and dir name)
			         (setq dir (directory-file-name dir)
			              name (directory-file-name name)))))
		            (null name))
		   (throw 22
                      (if (string= reldir ".") (directory-file-name prefix)
                        (concat (file-name-as-directory prefix)
                                reldir))))))))))) (write-region (if (stringp x) x (prin1-to-string x)) nil "./conftest-38985")) /usr/local/texlive/2016/texmf /usr/local/texlive/2016/texmf .:/Users/johnw/Library/texlive/2016/texmf-config/tex/latex//:/Users/johnw/Library/texlive/2016/texmf-var/tex/latex//:/Users/johnw/Library/texmf/tex/latex//:!!/usr/local/texlive/2016/texmf-config/tex/latex//:!!/usr/local/texlive/2016/texmf-var/tex/latex//:!!/usr/local/texlive/texmf-local/tex/latex//:!!/usr/local/texlive/2016/texmf-dist/tex/latex//:/Users/johnw/Library/texlive/2016/texmf-config/tex/generic//:/Users/johnw/Library/texlive/2016/texmf-var/tex/generic//:/Users/johnw/Library/texmf/tex/generic//:!!/usr/local/texlive/2016/texmf-config/tex/generic//:!!/usr/local/texlive/2016/texmf-var/tex/generic//:!!/usr/local/texlive/texmf-local/tex/generic//:!!/usr/local/texlive/2016/texmf-dist/tex/generic//:/Users/johnw/Library/texlive/2016/texmf-config/tex///:/Users/johnw/Library/texlive/2016/texmf-var/tex///:/Users/johnw/Library/texmf/tex///:!!/usr/local/texlive/2016/texmf-config/tex///:!!/usr/local/texlive/2016/texmf-var/tex///:!!/usr/local/texlive/texmf-local/tex///:!!/usr/local/texlive/2016/texmf-dist/tex///
=> NONE
/nix/store/v9g9p4sd73q66d099x5paykz4kknsf5p-emacs-HEAD/bin/emacs -batch -no-site-file -eval (let* ((prefix(pop command-line-args-left)) (expanded(pop command-line-args-left)) (pathoutput(pop command-line-args-left))(x (catch 22
       (let (reldir (dirs (mapcar (lambda(x)
              (and (string-match "\\`!*\\(.*[^/]\\)//+\\'" x)
	           (match-string 1 x)))
      (append (split-string pathoutput ";")
             (split-string pathoutput ":")))))
	  (dolist (name (list nil) "NONE")
	    (dolist (dir dirs)
	      (when (and dir
	      	         (setq dir (directory-file-name dir))
                         (file-name-absolute-p dir)
	      	         (file-directory-p dir)
	                 (not (string-match "\\`\\.\\."
                           (setq reldir (file-relative-name dir expanded))))
			 (not (file-name-absolute-p reldir))
                         (let ((name name) (dir dir))
		           (while (and dir name
		                       (string= (file-name-nondirectory dir)
		                                (file-name-nondirectory name))
                              (setq dir (file-name-directory dir)
				   name (file-name-directory name))
			      (if (and dir name)
			         (setq dir (directory-file-name dir)
			              name (directory-file-name name)))))
		            (null name))
		   (throw 22
                      (if (string= reldir ".") (directory-file-name prefix)
                        (concat (file-name-as-directory prefix)
                                reldir))))))))))) (write-region (if (stringp x) x (prin1-to-string x)) nil "./conftest-38985")) ${datadir} /usr/local/share .:/Users/johnw/Library/texlive/2016/texmf-config/tex/latex//:/Users/johnw/Library/texlive/2016/texmf-var/tex/latex//:/Users/johnw/Library/texmf/tex/latex//:!!/usr/local/texlive/2016/texmf-config/tex/latex//:!!/usr/local/texlive/2016/texmf-var/tex/latex//:!!/usr/local/texlive/texmf-local/tex/latex//:!!/usr/local/texlive/2016/texmf-dist/tex/latex//:/Users/johnw/Library/texlive/2016/texmf-config/tex/generic//:/Users/johnw/Library/texlive/2016/texmf-var/tex/generic//:/Users/johnw/Library/texmf/tex/generic//:!!/usr/local/texlive/2016/texmf-config/tex/generic//:!!/usr/local/texlive/2016/texmf-var/tex/generic//:!!/usr/local/texlive/texmf-local/tex/generic//:!!/usr/local/texlive/2016/texmf-dist/tex/generic//:/Users/johnw/Library/texlive/2016/texmf-config/tex///:/Users/johnw/Library/texlive/2016/texmf-var/tex///:/Users/johnw/Library/texmf/tex///:!!/usr/local/texlive/2016/texmf-config/tex///:!!/usr/local/texlive/2016/texmf-var/tex///:!!/usr/local/texlive/texmf-local/tex///:!!/usr/local/texlive/2016/texmf-dist/tex///
=> NONE
/nix/store/v9g9p4sd73q66d099x5paykz4kknsf5p-emacs-HEAD/bin/emacs -batch -no-site-file -eval (let* ((prefix(pop command-line-args-left)) (expanded(pop command-line-args-left)) (pathoutput(pop command-line-args-left))(x (catch 22
       (let (reldir (dirs (mapcar (lambda(x)
              (and (string-match "\\`!*\\(.*[^/]\\)//+\\'" x)
	           (match-string 1 x)))
      (append (split-string pathoutput ";")
             (split-string pathoutput ":")))))
	  (dolist (name (list nil) "NONE")
	    (dolist (dir dirs)
	      (when (and dir
	      	         (setq dir (directory-file-name dir))
                         (file-name-absolute-p dir)
	      	         (file-directory-p dir)
	                 (not (string-match "\\`\\.\\."
                           (setq reldir (file-relative-name dir expanded))))
			 (not (file-name-absolute-p reldir))
                         (let ((name name) (dir dir))
		           (while (and dir name
		                       (string= (file-name-nondirectory dir)
		                                (file-name-nondirectory name))
                              (setq dir (file-name-directory dir)
				   name (file-name-directory name))
			      (if (and dir name)
			         (setq dir (directory-file-name dir)
			              name (directory-file-name name)))))
		            (null name))
		   (throw 22
                      (if (string= reldir ".") (directory-file-name prefix)
                        (concat (file-name-as-directory prefix)
                                reldir))))))))))) (write-region (if (stringp x) x (prin1-to-string x)) nil "./conftest-38985")) /usr/local/texlive/2016/share /usr/local/texlive/2016/share .:/Users/johnw/Library/texlive/2016/texmf-config/tex/latex//:/Users/johnw/Library/texlive/2016/texmf-var/tex/latex//:/Users/johnw/Library/texmf/tex/latex//:!!/usr/local/texlive/2016/texmf-config/tex/latex//:!!/usr/local/texlive/2016/texmf-var/tex/latex//:!!/usr/local/texlive/texmf-local/tex/latex//:!!/usr/local/texlive/2016/texmf-dist/tex/latex//:/Users/johnw/Library/texlive/2016/texmf-config/tex/generic//:/Users/johnw/Library/texlive/2016/texmf-var/tex/generic//:/Users/johnw/Library/texmf/tex/generic//:!!/usr/local/texlive/2016/texmf-config/tex/generic//:!!/usr/local/texlive/2016/texmf-var/tex/generic//:!!/usr/local/texlive/texmf-local/tex/generic//:!!/usr/local/texlive/2016/texmf-dist/tex/generic//:/Users/johnw/Library/texlive/2016/texmf-config/tex///:/Users/johnw/Library/texlive/2016/texmf-var/tex///:/Users/johnw/Library/texmf/tex///:!!/usr/local/texlive/2016/texmf-config/tex///:!!/usr/local/texlive/2016/texmf-var/tex///:!!/usr/local/texlive/texmf-local/tex///:!!/usr/local/texlive/2016/texmf-dist/tex///
=> NONE
/nix/store/v9g9p4sd73q66d099x5paykz4kknsf5p-emacs-HEAD/bin/emacs -batch -no-site-file -eval (let* ((prefix(pop command-line-args-left)) (expanded(pop command-line-args-left)) (pathoutput(pop command-line-args-left))(x (catch 22
       (let (reldir (dirs (mapcar (lambda(x)
              (and (string-match "\\`!*\\(.*[^/]\\)//+\\'" x)
	           (match-string 1 x)))
      (append (split-string pathoutput ";")
             (split-string pathoutput ":")))))
	  (dolist (name (list nil) "NONE")
	    (dolist (dir dirs)
	      (when (and dir
	      	         (setq dir (directory-file-name dir))
                         (file-name-absolute-p dir)
	      	         (file-directory-p dir)
	                 (not (string-match "\\`\\.\\."
                           (setq reldir (file-relative-name dir expanded))))
			 (not (file-name-absolute-p reldir))
                         (let ((name name) (dir dir))
		           (while (and dir name
		                       (string= (file-name-nondirectory dir)
		                                (file-name-nondirectory name))
                              (setq dir (file-name-directory dir)
				   name (file-name-directory name))
			      (if (and dir name)
			         (setq dir (directory-file-name dir)
			              name (directory-file-name name)))))
		            (null name))
		   (throw 22
                      (if (string= reldir ".") (directory-file-name prefix)
                        (concat (file-name-as-directory prefix)
                                reldir))))))))))) (write-region (if (stringp x) x (prin1-to-string x)) nil "./conftest-38985")) /usr/local/texlive/2016 /usr/local/texlive/2016 .:/Users/johnw/Library/texlive/2016/texmf-config/tex/latex//:/Users/johnw/Library/texlive/2016/texmf-var/tex/latex//:/Users/johnw/Library/texmf/tex/latex//:!!/usr/local/texlive/2016/texmf-config/tex/latex//:!!/usr/local/texlive/2016/texmf-var/tex/latex//:!!/usr/local/texlive/texmf-local/tex/latex//:!!/usr/local/texlive/2016/texmf-dist/tex/latex//:/Users/johnw/Library/texlive/2016/texmf-config/tex/generic//:/Users/johnw/Library/texlive/2016/texmf-var/tex/generic//:/Users/johnw/Library/texmf/tex/generic//:!!/usr/local/texlive/2016/texmf-config/tex/generic//:!!/usr/local/texlive/2016/texmf-var/tex/generic//:!!/usr/local/texlive/texmf-local/tex/generic//:!!/usr/local/texlive/2016/texmf-dist/tex/generic//:/Users/johnw/Library/texlive/2016/texmf-config/tex///:/Users/johnw/Library/texlive/2016/texmf-var/tex///:/Users/johnw/Library/texmf/tex///:!!/usr/local/texlive/2016/texmf-config/tex///:!!/usr/local/texlive/2016/texmf-var/tex///:!!/usr/local/texlive/texmf-local/tex///:!!/usr/local/texlive/2016/texmf-dist/tex///
=> /usr/local/texlive/2016/texmf-dist/tex/latex
configure:3576: result: /usr/local/texlive/2016/texmf-dist/tex/latex
configure:3679: checking for texhash
configure:3697: found /usr/local/texlive/2016/bin/x86_64-darwin/texhash
configure:3709: result: /usr/local/texlive/2016/bin/x86_64-darwin/texhash
configure:3719: checking for initexmf
configure:3746: result: /usr/local/texlive/2016/bin/x86_64-darwin/texhash
configure:3805: checking for glaring installation conflicts
/nix/store/v9g9p4sd73q66d099x5paykz4kknsf5p-emacs-HEAD/bin/emacs -batch -eval (let* ((packagelispdir(pop command-line-args-left)) (previewstartfile(pop command-line-args-left))(x 
     (concat
       (and (setq tmp (locate-library "preview.elc"))
            (not (string= (file-truename tmp)
                       (file-truename (expand-file-name "preview.elc"
                                         packagelispdir))))
            (format "Conflicting previous installation in `%s' found!\n"
                    (file-name-directory tmp)))
       (and (setq tmp (locate-library "preview-latex.el"))
            (not (string= (file-truename tmp)
                          (file-truename previewstartfile)))
            (format "Conflicting previous startup file `%s' found!\n" tmp))))) (write-region (if (stringp x) x (prin1-to-string x)) nil "./conftest-38985")) /nix/store/v9g9p4sd73q66d099x5paykz4kknsf5p-emacs-HEAD/share/emacs/site-lisp/auctex /nix/store/v9g9p4sd73q66d099x5paykz4kknsf5p-emacs-HEAD/share/emacs/site-lisp/preview-latex.el
=> 
configure:3867: result: probably none
configure:3927: checking for perl
configure:3945: found /usr/bin/perl
configure:3958: result: /usr/bin/perl
configure:3972: checking for makeinfo
configure:3990: found /usr/bin/makeinfo
configure:4003: result: /usr/bin/makeinfo
configure:4013: checking for texi2html
configure:4044: result: :
configure:4054: checking for texi2dvi
configure:4072: found /usr/bin/texi2dvi
configure:4085: result: /usr/bin/texi2dvi
configure:4095: checking for texi2pdf
configure:4113: found /usr/bin/texi2pdf
configure:4126: result: /usr/bin/texi2pdf
configure:4141: checking for install-info
configure:4159: found /usr/bin/install-info
configure:4172: result: /usr/bin/install-info
configure:4415: creating ./config.status

## ---------------------- ##
## Running config.status. ##
## ---------------------- ##

This file was extended by auctex config.status 11.89, which was
generated by GNU Autoconf 2.69.  Invocation command line was

  CONFIG_FILES    = 
  CONFIG_HEADERS  = 
  CONFIG_LINKS    = 
  CONFIG_COMMANDS = 
  $ ./config.status 

on Vulcan.local

config.status:768: creating Makefile
config.status:768: creating tex-site.el.out
config.status:768: creating doc/Makefile
config.status:768: creating auctex.el
config.status:768: creating preview.el
config.status:768: creating latex/Makefile

## ---------------- ##
## Cache variables. ##
## ---------------- ##

ac_cv_env_GS_set=
ac_cv_env_GS_value=
ac_cv_env_INSTALL_INFO_set=
ac_cv_env_INSTALL_INFO_value=
ac_cv_env_MAKEINFO_set=
ac_cv_env_MAKEINFO_value=
ac_cv_env_PERL_set=
ac_cv_env_PERL_value=
ac_cv_env_TEXHASH_set=
ac_cv_env_TEXHASH_value=
ac_cv_env_build_alias_set=
ac_cv_env_build_alias_value=
ac_cv_env_host_alias_set=
ac_cv_env_host_alias_value=
ac_cv_env_target_alias_set=
ac_cv_env_target_alias_value=
ac_cv_path_DVIPS=/usr/local/texlive/2016/bin/x86_64-darwin/dvips
ac_cv_path_EMACS=/nix/store/v9g9p4sd73q66d099x5paykz4kknsf5p-emacs-HEAD/bin/emacs
ac_cv_path_INSTALL_INFO=/usr/bin/install-info
ac_cv_path_LATEX=/usr/local/texlive/2016/bin/x86_64-darwin/latex
ac_cv_path_MAKEINFO=/usr/bin/makeinfo
ac_cv_path_PDFLATEX=/usr/local/texlive/2016/bin/x86_64-darwin/pdflatex
ac_cv_path_PDFTEX=/usr/local/texlive/2016/bin/x86_64-darwin/pdftex
ac_cv_path_PERL=/usr/bin/perl
ac_cv_path_TEX=/usr/local/texlive/2016/bin/x86_64-darwin/tex
ac_cv_path_TEXHASH=/usr/local/texlive/2016/bin/x86_64-darwin/texhash
ac_cv_path_TEXI2DVI=/usr/bin/texi2dvi
ac_cv_path_TEXI2HTML=:
ac_cv_path_TEXI2PDF=/usr/bin/texi2pdf
ac_cv_path_install='/nix/store/dw110q8mzvp49s4sz7gqn9bdyp8byls6-coreutils-8.25/bin/install -c'
ac_cv_prog_GS=gs
ac_cv_prog_MAKECMD=make
ac_cv_prog_TEXHASH=/usr/local/texlive/2016/bin/x86_64-darwin/texhash
ac_cv_prog_make_make_set=yes

## ----------------- ##
## Output variables. ##
## ----------------- ##

AUCTEXDATE='2015-11-13'
AUCTEXVERSION='11.89'
DEFS='-DPACKAGE_NAME=\"auctex\" -DPACKAGE_TARNAME=\"auctex\" -DPACKAGE_VERSION=\"11.89\" -DPACKAGE_STRING=\"auctex\ 11.89\" -DPACKAGE_BUGREPORT=\"bug-auctex@gnu.org\" -DPACKAGE_URL=\"\"'
DVIPS='/usr/local/texlive/2016/bin/x86_64-darwin/dvips'
ECHO_C=''
ECHO_N='-n'
ECHO_T=''
EMACS='/nix/store/v9g9p4sd73q66d099x5paykz4kknsf5p-emacs-HEAD/bin/emacs'
EMACS_FLAVOR='emacs'
GS='gs'
HAVE_mule='yes'
INSTALL_DATA='${INSTALL} -m 644'
INSTALL_INFO='/usr/bin/install-info'
INSTALL_PROGRAM='${INSTALL}'
INSTALL_SCRIPT='${INSTALL}'
LATEX='/usr/local/texlive/2016/bin/x86_64-darwin/latex'
LIBOBJS=''
LIBS=''
LTLIBOBJS=''
MAKECMD='make'
MAKEINFO='/usr/bin/makeinfo'
MULEELC='tex-jp.elc'
MULESRC='tex-jp.el'
PACKAGE_BUGREPORT='bug-auctex@gnu.org'
PACKAGE_NAME='auctex'
PACKAGE_STRING='auctex 11.89'
PACKAGE_TARNAME='auctex'
PACKAGE_URL=''
PACKAGE_VERSION='11.89'
PATH_SEPARATOR=':'
PDFLATEX='/usr/local/texlive/2016/bin/x86_64-darwin/pdflatex'
PDFTEX='/usr/local/texlive/2016/bin/x86_64-darwin/pdftex'
PERL='/usr/bin/perl'
PLAT_LISP='prv-emacs.el'
PREVIEWDATE='2015-11-13'
PREVIEWVERSION='11.89'
SET_MAKE=''
SHELL='/bin/bash'
TEX='/usr/local/texlive/2016/bin/x86_64-darwin/tex'
TEXHASH='/usr/local/texlive/2016/bin/x86_64-darwin/texhash'
TEXI2DVI='/usr/bin/texi2dvi'
TEXI2HTML=':'
TEXI2PDF='/usr/bin/texi2pdf'
TEXMFGEN='preview.sty prauctex.def prauctex.cfg prshowbox.def prshowlabels.def prtracingall.def prtightpage.def prlyx.def prcounters.def prfootnotes.def'
XEMACS='no'
auctexstartfile='/nix/store/v9g9p4sd73q66d099x5paykz4kknsf5p-emacs-HEAD/share/emacs/site-lisp/auctex.el'
autodir='${localstatedir}/auctex'
bindir='${exec_prefix}/bin'
build_alias=''
datadir='${datarootdir}'
datarootdir='${prefix}/share'
docdir='${datarootdir}/doc/${PACKAGE_TARNAME}'
dvidir='${docdir}'
exec_prefix='${prefix}'
host_alias=''
htmldir='${docdir}'
includedir='${prefix}/include'
infodir='${datarootdir}/info'
libdir='${exec_prefix}/lib'
libexecdir='${exec_prefix}/libexec'
lispGS=''
lispautodir='"/usr/local/var/auctex"'
lispdir='/nix/store/v9g9p4sd73q66d099x5paykz4kknsf5p-emacs-HEAD/share/emacs/site-lisp'
lisppackagedatadir='(expand-file-name "auctex" (file-name-directory load-file-name))'
lisppackagelispdir='(expand-file-name "auctex" (file-name-directory load-file-name))'
lisppackagetexstyles=''
lisptexsite='(expand-file-name "tex-site.el" (file-name-directory load-file-name))'
localedir='${datarootdir}/locale'
localstatedir='${prefix}/var'
mandir='${datarootdir}/man'
oldincludedir='/usr/include'
packagedatadir='/nix/store/v9g9p4sd73q66d099x5paykz4kknsf5p-emacs-HEAD/share/emacs/site-lisp/auctex'
packagedir='no'
packagelispdir='/nix/store/v9g9p4sd73q66d099x5paykz4kknsf5p-emacs-HEAD/share/emacs/site-lisp/auctex'
packagetexstyles=''
pdfdir='${docdir}'
prefix='/usr/local'
preview_enabled='yes'
previewdocdir='/usr/local/texlive/2016/texmf-dist/tex/latex/preview'
previewstartfile='/nix/store/v9g9p4sd73q66d099x5paykz4kknsf5p-emacs-HEAD/share/emacs/site-lisp/preview-latex.el'
previewtexmfdir='/usr/local/texlive/2016/texmf-dist/tex/latex/preview'
program_transform_name='s,x,x,'
psdir='${docdir}'
runstatedir='${localstatedir}/run'
sbindir='${exec_prefix}/sbin'
sharedstatedir='${prefix}/com'
sysconfdir='${prefix}/etc'
target_alias=''
texmfdir='/usr/local/texlive/2016/texmf-dist/tex/latex'
texsite=''

## ----------- ##
## confdefs.h. ##
## ----------- ##

/* confdefs.h */
#define PACKAGE_NAME "auctex"
#define PACKAGE_TARNAME "auctex"
#define PACKAGE_VERSION "11.89"
#define PACKAGE_STRING "auctex 11.89"
#define PACKAGE_BUGREPORT "bug-auctex@gnu.org"
#define PACKAGE_URL ""

configure: exit 0
