2002-11-24  Thomas Link  <samul at web.de>

	* xff-do-nothing: If non-nil, the argument string won't be parsed
	or modified.

2002-11-17  Thomas Link  <samul at web.de>

	* Advices for `find-file-noselect' and `gnuserv-edit-files':
	activated when calling `xff-install'

	* xff-install: Needed after require.

2002-10-12  Thomas Link  <samul at web.de>

	* xff-parse-args, xff-mode: simplified syntax:
	file*cmd1=arg1*cmd2=arg2

	* gnuserv-edit-files: Advise gnuserv not to ignore xff commands

	* xff-original-escaped-filenames-flag: In original mode, special
	charcters can be escaped with a "\".
	E.g. file\?name?command\=this?=Huh\&Hah

2002-10-11  Thomas Link  <samul at web.de>

	* xff-parse-args-revised-1, xff-mode: revised syntax

2002-10-10  Thomas Link  <samul at web.de>

	* find-file-noselect: Check if we are dealing with a xff argument.

2002-08-20  Thomas Link  <samul at web.de>

	* xff.el: Advice `find-file-noselect' and take care of
	file-name-handler-alist
	
