This is TeX, Version 3.14159265 (TeX Live 2016/NixOS.org) (preloaded format=tex 2017.11.4)  6 NOV 2017 15:22
**\nonstopmode \input bootstrap.ins
(./bootstrap.ins
(/nix/store/afn7amqcrsal8j7m0dwrzpngnswy5rfj-texlive-combined-2016/share/texmf/
tex/latex/base/docstrip.tex
\blockLevel=\count26
\emptyLines=\count27
\processedLines=\count28
\commentsRemoved=\count29
\commentsPassed=\count30
\codeLinesPassed=\count31
\TotalprocessedLines=\count32
\TotalcommentsRemoved=\count33
\TotalcommentsPassed=\count34
\TotalcodeLinesPassed=\count35
\NumberOfFiles=\count36
\inFile=\read0
\inputcheck=\read1
\@tempcnta=\count37
\off@0=\count38
\off@1=\count39
\off@2=\count40
\off@3=\count41
\off@4=\count42
\off@5=\count43
\off@6=\count44
\off@7=\count45
\off@8=\count46
\off@9=\count47
\off@10=\count48
\off@11=\count49
\off@12=\count50
\off@13=\count51
\off@14=\count52
\off@15=\count53
\@temptokena=\toks12
\@maxfiles=\count54
\@maxoutfiles=\count55

Utility: `docstrip' 2.5e <2014/09/29>
English documentation    <2014/09/29>

**********************************************************
* This program converts documented macro-files into fast *
* loadable files by stripping off (nearly) all comments! *
**********************************************************

********************************************************
* No Configuration file found, using default settings. *
********************************************************

)

Generating file(s) preview-mk.ins 
\openout0 = `preview-mk.ins'.


Processing file preview.dtx (installer,make) -> preview-mk.ins
% % % % % % % % % % % % % % % % % % % % % % % % % % % % % % % % % % % % % % %
% % % % % % % % % % % % % % % % % % % % % % % % % % % % % % % % % % % % % % %
% % % % % % % % % % % % % % % % % % % % % % % % % % % % % % % % % % % % % % %
% % % % % % % % % % % % % % % % % % % % % % % % % % % % % % % % % % % % % % %
% % % % % % % % % % % % % % % % % % % % % % % % % % % % % % % % % % % % % % %
% % % % % % % % % % % % % % % % % % % % % % % % % % % % % % % % % % % % % % %
% % % % % % % % % % % % % % % % % % % % % % % % % % % % % % % % % % % % % % %
% % % % % % % % % % % % % % % % % % % % % % % % % % % % % % % % % % % % % % %
% % % % % % % % % % % % % % % % % % % % % % % % % % % % % % % % % % % % % % %
% % % % % % % % % % % % % % % % % % % % % % % % % % % % % % % % % % % % % % %
% % % % % % % % % % % % % % % % % % % % % % % % % % % % % % % % % % % % % % %
% % % % % <*style <*!active . . . . . . . . . . . . % % % % % % % % % % % % .
> % % % % % % % <*active . . > % % % % % % % % % % % % % % % % % % % % % % % %
% % % <*!active . . . . . . % % % % . . . % % % % . . . . . . % % % % % % % %
% % % % % . . . . . % % % % % % % % . . . % % % % % % % % % % % % % % . . . .
. . . % % % % % % . . . . . . . . . . % % % . . % % % . . > % % % % % %
<*active % % % % % % . . % % % % % % . . . % % % % % % % % % % % % % % . . % %
% % % % % % . . % % % . . % % % % % % % % % % % % % % . . . . . . . . . . . .
. . . . . % % % % % % % % % % % % % % % . . . . . . . . . . . . . . . . . . .
. . . . . . . % % % % % % % % % % % % % % % % % % % % % % % % % % . . . . . .
. . . . . . . . . . . . . % % % % % % % % % % . . . . % % % % % % % % % % % %
% % % % % % % % % % % % % % . . . . . . . % % % % % % % % % . . . . % % % % %
% % % % % . . . . . . % % % % % % % % . % % % % % % . . . % % % % % % % % . .
. . . . . % % % % % % % . . % % % % % . . . . . % % % % % % % % . . . . . % %
% % % % % % . . . . . . . > % % % % % % % % % % % % <*!active . . . . . . . .
. . . . . . . . . . . . . % % % % % % % % % % % % % % % % . . . . . . . . . .
. . . . . . . . . > % % % % % <*active . > % % % % % <*!active . . . % % % % %
% % . . . . . . . . . . . . . . . . . . . . . . . . . % % % % . . . . % % % %
% % % % . . % % % % % % % . % % % % % % % . . . . . . . . . . % % % % % % % %
% % % % . . . . . . . % % % % % % % . % % % % . . . . . . . . % % % % % % % .
% % % % . . . . . % % % % % % % % % . . . . . . . . . . . . . . . . % % % % %
% . . . . . > % % % % % % % % % % <*active . . . . . . . . . . . . > % % % % %
% % % % % % % % % % % % % % % % % % <*!active . . % % % % % % % % % . . % % %
% % % . . > % % % % <*active . . . . . . . % % % % % % % % % . . . . . . . % %
% % % % . . . . . . . . . . . . . . . . . % % % % % . > > % % % % % % % % % %
% % % % % % % % % % % <auctex . > <auctex . > <auctex . > % % % % % % % %
<auctex . > <auctex . > <auctex . > <auctex . > <auctex . > <auctex . >
<auctex . > <auctex . > <auctex . > <auctex . > <auctex . > <auctex . >
<auctex . > <auctex . > <auctex . > <auctex . > <auctex . > <auctex . >
<auctex . > <auctex . > % % % % % % % % % % % % % % % % % % % <auctex . >
<auctex . > <auctex . > <auctex . > <auctex . > <auctex . > <auctex . >
<auctex . > <auctex . > <auctex . > % % % <auctex . > % % % % <auccfg . >
<auccfg . > <auccfg . > <auccfg . > <auccfg . > <auccfg . > <auccfg . >
<auccfg . > <auccfg . > <auccfg . > <auccfg . > <auccfg . > <auccfg . >
<auccfg . > <auccfg . > <auccfg . > <auccfg . > <auccfg . > <auccfg . >
<auccfg . > <auccfg . > % % % % % % <lyx . > <lyx . > <lyx . > <lyx . >
<lyx . > % % % % % % % % % % <counters . > <counters . > <counters . >
<counters . > <counters . > <counters . > <counters . > <counters . >
<counters . > <counters . > <counters . > % % % % % % % % % % % % % % % % %
<showbox . > <showbox . > <showbox . > <showbox . > <showbox . > % % % % % % %
% <tracingall . > <tracingall . > <tracingall . > % % % % % % % % % % % % % %
% % % % % % % % % % % % % <tightpage . > <tightpage . > <tightpage . >
<tightpage . > <tightpage . > <tightpage . > <tightpage . > <tightpage . > % %
% % % <tightpage . > <tightpage . > <tightpage . > <tightpage . >
<tightpage . > <tightpage . > % % % % % % % % % % % % <tightpage . >
<tightpage . > <tightpage . > <tightpage . > <tightpage . > <tightpage . >
<tightpage . > <tightpage . > <tightpage . > <tightpage . > <tightpage . >
<tightpage . > <tightpage . > <tightpage . > <tightpage . > <tightpage . >
<tightpage . > <tightpage . > <tightpage . > <tightpage . > <tightpage . >
<tightpage . > <tightpage . > <tightpage . > <tightpage . > <tightpage . >
<tightpage . > <tightpage . > <tightpage . > <tightpage . > <tightpage . >
<tightpage . > <tightpage . > <tightpage . > <tightpage . > <tightpage . >
<tightpage . > <tightpage . > <tightpage . > <tightpage . > <tightpage . >
<tightpage . > <tightpage . > <tightpage . > <tightpage . > <tightpage . >
<tightpage . > <tightpage . > <tightpage . > <tightpage . > <tightpage . >
<tightpage . > <tightpage . > <tightpage . > <tightpage . > <tightpage . >
<tightpage . > <tightpage . > <tightpage . > <tightpage . > <tightpage . >
<tightpage . > <tightpage . > <tightpage . > <tightpage . > <tightpage . >
<tightpage . > <tightpage . > <tightpage . > <tightpage . > <tightpage . >
<tightpage . > % % % % <tightpage . > <tightpage . > % % % % % <tightpage . >
<tightpage . > <tightpage . > <tightpage . > <tightpage . > <tightpage . >
<tightpage . > <tightpage . > <tightpage . > <tightpage . > <tightpage . >
<tightpage . > <tightpage . > <tightpage . > <tightpage . > <tightpage . >
<tightpage . > % % % % % <tightpage . > <tightpage . > <tightpage . >
<tightpage . > % % % % % % <tightpage . > % % % % % % % <tightpage . >
<tightpage . > <tightpage . > % % % % <tightpage . > % % % % % %
<tightpage . > <tightpage . > <tightpage . > % % % % <tightpage . >
<tightpage . > % % % % % % % % % % % % % % % % % % % % <showlabels . >
<showlabels . > % % % % % % % % % <showlabels . > % % % % <showlabels . >
<showlabels . > <showlabels . > % % % % % % % % % % % % % % % % % %
<showlabels . > <showlabels . > <showlabels . > % % % <showlabels . >
<showlabels . > <showlabels . > % % % <showlabels . > <showlabels . >
<showlabels . > <showlabels . > <showlabels . > % % % % % % % <showlabels . >
<showlabels . > % % % % % % % <showlabels . > <showlabels . > <showlabels . >
<showlabels . > <showlabels . > % % % % <showlabels . > % % % % %
<showlabels . > <showlabels . > <showlabels . > % % % % <showlabels . >
<showlabels . > <showlabels . > <showlabels . > % % % % % <showlabels . >
<showlabels . > <showlabels . > <showlabels . > <showlabels . >
<showlabels . > <showlabels . > <showlabels . > % % % % % % <footnotes . > % %
% % % % % % % % <installer . > <installer&make . > <installer . >
<installer . > <installer&!make . > <installer . > <installer . >
<installer . > <installer . > <installer . > <installer . > <installer . >
<installer . > <installer . > <installer . > <installer . > <installer . >
<installer . > % % % <driver . > <driver . > <driver . > <driver . >
<driver . > <driver . > <driver . > % % % % % % % %
Lines  processed: 1877
Comments removed: 1227
Comments  passed: 2
Codelines passed: 362

 )
No pages of output.
